RUN	mytest.LoginAndLogoutLoadTest	1	1449235910526	1	2.0
USER	Login and Logout	2277646797050564559-0	START	1449235911729	0
USER	Login and Logout	2277646797050564559-1	START	1449235911732	0
USER	Login and Logout	2277646797050564559-2	START	1449235911732	0
USER	Login and Logout	2277646797050564559-3	START	1449235911732	0
USER	Login and Logout	2277646797050564559-4	START	1449235911732	0
USER	Login and Logout	2277646797050564559-5	START	1449235911732	0
USER	Login and Logout	2277646797050564559-6	START	1449235911732	0
USER	Login and Logout	2277646797050564559-7	START	1449235911732	0
USER	Login and Logout	2277646797050564559-8	START	1449235911732	0
USER	Login and Logout	2277646797050564559-9	START	1449235911732	0
USER	Login and Logout	2277646797050564559-10	START	1449235911732	0
USER	Login and Logout	2277646797050564559-11	START	1449235911732	0
USER	Login and Logout	2277646797050564559-12	START	1449235911732	0
USER	Login and Logout	2277646797050564559-13	START	1449235911732	0
USER	Login and Logout	2277646797050564559-14	START	1449235911732	0
USER	Login and Logout	2277646797050564559-15	START	1449235911732	0
USER	Login and Logout	2277646797050564559-16	START	1449235911732	0
USER	Login and Logout	2277646797050564559-17	START	1449235911732	0
USER	Login and Logout	2277646797050564559-18	START	1449235911732	0
USER	Login and Logout	2277646797050564559-19	START	1449235911732	0
REQUEST	Login and Logout	2277646797050564559-1		Log in action	1449235911951	1449235912002	1449235912208	1449235912208	OK	 
REQUEST	Login and Logout	2277646797050564559-0		Log in action	1449235911945	1449235912001	1449235912184	1449235912186	OK	 
REQUEST	Login and Logout	2277646797050564559-2		Log in action	1449235911952	1449235912004	1449235912261	1449235912261	OK	 
REQUEST	Login and Logout	2277646797050564559-3		Log in action	1449235911953	1449235912005	1449235912271	1449235912271	OK	 
REQUEST	Login and Logout	2277646797050564559-4		Log in action	1449235911955	1449235912007	1449235912280	1449235912280	OK	 
REQUEST	Login and Logout	2277646797050564559-5		Log in action	1449235911956	1449235912009	1449235912294	1449235912294	OK	 
REQUEST	Login and Logout	2277646797050564559-10		Log in action	1449235911960	1449235912015	1449235912310	1449235912310	OK	 
REQUEST	Login and Logout	2277646797050564559-9		Log in action	1449235911959	1449235912014	1449235912310	1449235912310	OK	 
REQUEST	Login and Logout	2277646797050564559-8		Log in action	1449235911959	1449235912013	1449235912311	1449235912311	OK	 
REQUEST	Login and Logout	2277646797050564559-7		Log in action	1449235911958	1449235912013	1449235912322	1449235912322	OK	 
REQUEST	Login and Logout	2277646797050564559-6		Log in action	1449235911958	1449235912011	1449235912325	1449235912325	OK	 
REQUEST	Login and Logout	2277646797050564559-11		Log in action	1449235911960	1449235912014	1449235912427	1449235912427	OK	 
REQUEST	Login and Logout	2277646797050564559-19		Log in action	1449235911967	1449235912022	1449235912458	1449235912458	OK	 
REQUEST	Login and Logout	2277646797050564559-17		Log in action	1449235911966	1449235912022	1449235912461	1449235912461	OK	 
REQUEST	Login and Logout	2277646797050564559-18		Log in action	1449235911967	1449235912022	1449235912470	1449235912470	OK	 
REQUEST	Login and Logout	2277646797050564559-15		Log in action	1449235911964	1449235912017	1449235912473	1449235912473	OK	 
REQUEST	Login and Logout	2277646797050564559-16		Log in action	1449235911965	1449235912018	1449235912473	1449235912473	OK	 
REQUEST	Login and Logout	2277646797050564559-14		Log in action	1449235911963	1449235912016	1449235912484	1449235912484	OK	 
REQUEST	Login and Logout	2277646797050564559-3		Log in action Redirect 1	1449235912274	1449235912275	1449235912481	1449235912481	OK	 
REQUEST	Login and Logout	2277646797050564559-1		Log in action Redirect 1	1449235912272	1449235912274	1449235912481	1449235912481	OK	 
REQUEST	Login and Logout	2277646797050564559-4		Log in action Redirect 1	1449235912282	1449235912283	1449235912484	1449235912484	OK	 
REQUEST	Login and Logout	2277646797050564559-5		Log in action Redirect 1	1449235912296	1449235912298	1449235912484	1449235912484	OK	 
REQUEST	Login and Logout	2277646797050564559-2		Log in action Redirect 1	1449235912272	1449235912275	1449235912481	1449235912481	OK	 
REQUEST	Login and Logout	2277646797050564559-13		Log in action	1449235911962	1449235912016	1449235912501	1449235912501	OK	 
REQUEST	Login and Logout	2277646797050564559-0		Log in action Redirect 1	1449235912274	1449235912276	1449235912504	1449235912504	OK	 
REQUEST	Login and Logout	2277646797050564559-9		Log in action Redirect 1	1449235912312	1449235912315	1449235912506	1449235912506	OK	 
REQUEST	Login and Logout	2277646797050564559-10		Log in action Redirect 1	1449235912312	1449235912315	1449235912507	1449235912507	OK	 
REQUEST	Login and Logout	2277646797050564559-8		Log in action Redirect 1	1449235912313	1449235912318	1449235912508	1449235912508	OK	 
REQUEST	Login and Logout	2277646797050564559-7		Log in action Redirect 1	1449235912323	1449235912324	1449235912513	1449235912513	OK	 
REQUEST	Login and Logout	2277646797050564559-6		Log in action Redirect 1	1449235912326	1449235912326	1449235912513	1449235912513	OK	 
REQUEST	Login and Logout	2277646797050564559-12		Log in action	1449235911961	1449235912014	1449235912524	1449235912524	OK	 
REQUEST	Login and Logout	2277646797050564559-19		Log in action Redirect 1	1449235912460	1449235912461	1449235912643	1449235912643	OK	 
REQUEST	Login and Logout	2277646797050564559-17		Log in action Redirect 1	1449235912462	1449235912463	1449235912643	1449235912643	OK	 
REQUEST	Login and Logout	2277646797050564559-11		Log in action Redirect 1	1449235912432	1449235912434	1449235912564	1449235912564	OK	 
REQUEST	Login and Logout	2277646797050564559-15		Log in action Redirect 1	1449235912475	1449235912476	1449235912650	1449235912650	OK	 
REQUEST	Login and Logout	2277646797050564559-14		Log in action Redirect 1	1449235912487	1449235912487	1449235912650	1449235912650	OK	 
REQUEST	Login and Logout	2277646797050564559-16		Log in action Redirect 1	1449235912476	1449235912477	1449235912650	1449235912650	OK	 
REQUEST	Login and Logout	2277646797050564559-18		Log in action Redirect 1	1449235912472	1449235912473	1449235912649	1449235912649	OK	 
REQUEST	Login and Logout	2277646797050564559-13		Log in action Redirect 1	1449235912502	1449235912503	1449235912655	1449235912655	OK	 
REQUEST	Login and Logout	2277646797050564559-12		Log in action Redirect 1	1449235912641	1449235912642	1449235912770	1449235912771	OK	 
REQUEST	Login and Logout	2277646797050564559-1		Log out action	1449235917502	1449235917503	1449235918253	1449235918253	OK	 
REQUEST	Login and Logout	2277646797050564559-1		Log out action Redirect 1	1449235918254	1449235918255	1449235918347	1449235918347	OK	 
REQUEST	Login and Logout	2277646797050564559-2		Log out action	1449235917513	1449235917513	1449235918411	1449235918411	OK	 
REQUEST	Login and Logout	2277646797050564559-8		Log out action	1449235917531	1449235917532	1449235918477	1449235918477	OK	 
REQUEST	Login and Logout	2277646797050564559-2		Log out action Redirect 1	1449235918413	1449235918413	1449235918484	1449235918484	OK	 
REQUEST	Login and Logout	2277646797050564559-10		Log out action	1449235917531	1449235917531	1449235918497	1449235918497	OK	 
REQUEST	Login and Logout	2277646797050564559-3		Log out action	1449235917514	1449235917515	1449235918511	1449235918511	OK	 
REQUEST	Login and Logout	2277646797050564559-5		Log out action	1449235917513	1449235917514	1449235918532	1449235918532	OK	 
REQUEST	Login and Logout	2277646797050564559-8		Log out action Redirect 1	1449235918479	1449235918479	1449235918541	1449235918541	OK	 
REQUEST	Login and Logout	2277646797050564559-0		Log out action	1449235917532	1449235917532	1449235918548	1449235918548	OK	 
REQUEST	Login and Logout	2277646797050564559-10		Log out action Redirect 1	1449235918498	1449235918499	1449235918562	1449235918562	OK	 
USER	Login and Logout	2277646797050564559-1	END	1449235911732	1449235918569
REQUEST	Login and Logout	2277646797050564559-9		Log out action	1449235917533	1449235917533	1449235918568	1449235918568	OK	 
USER	Login and Logout	2277646797050564559-2	END	1449235911732	1449235918569
USER	Login and Logout	2277646797050564559-8	END	1449235911732	1449235918570
USER	Login and Logout	2277646797050564559-10	END	1449235911732	1449235918570
REQUEST	Login and Logout	2277646797050564559-3		Log out action Redirect 1	1449235918512	1449235918513	1449235918573	1449235918573	OK	 
REQUEST	Login and Logout	2277646797050564559-4		Log out action	1449235917514	1449235917514	1449235918573	1449235918573	OK	 
USER	Login and Logout	2277646797050564559-3	END	1449235911732	1449235918575
REQUEST	Login and Logout	2277646797050564559-6		Log out action	1449235917544	1449235917545	1449235918582	1449235918582	OK	 
REQUEST	Login and Logout	2277646797050564559-7		Log out action	1449235917544	1449235917544	1449235918585	1449235918585	OK	 
REQUEST	Login and Logout	2277646797050564559-5		Log out action Redirect 1	1449235918534	1449235918534	1449235918596	1449235918596	OK	 
REQUEST	Login and Logout	2277646797050564559-11		Log out action	1449235917586	1449235917587	1449235918596	1449235918596	OK	 
USER	Login and Logout	2277646797050564559-5	END	1449235911732	1449235918598
REQUEST	Login and Logout	2277646797050564559-19		Log out action	1449235917661	1449235917661	1449235918602	1449235918602	OK	 
REQUEST	Login and Logout	2277646797050564559-16		Log out action	1449235917662	1449235917662	1449235918613	1449235918613	OK	 
REQUEST	Login and Logout	2277646797050564559-0		Log out action Redirect 1	1449235918549	1449235918549	1449235918616	1449235918616	OK	 
USER	Login and Logout	2277646797050564559-0	END	1449235911729	1449235918617
REQUEST	Login and Logout	2277646797050564559-17		Log out action	1449235917662	1449235917662	1449235918620	1449235918620	OK	 
REQUEST	Login and Logout	2277646797050564559-14		Log out action	1449235917663	1449235917663	1449235918624	1449235918624	OK	 
REQUEST	Login and Logout	2277646797050564559-15		Log out action	1449235917663	1449235917663	1449235918627	1449235918627	OK	 
REQUEST	Login and Logout	2277646797050564559-13		Log out action	1449235917676	1449235917677	1449235918634	1449235918634	OK	 
REQUEST	Login and Logout	2277646797050564559-4		Log out action Redirect 1	1449235918574	1449235918575	1449235918637	1449235918637	OK	 
USER	Login and Logout	2277646797050564559-4	END	1449235911732	1449235918639
REQUEST	Login and Logout	2277646797050564559-18		Log out action	1449235917677	1449235917677	1449235918664	1449235918664	OK	 
REQUEST	Login and Logout	2277646797050564559-6		Log out action Redirect 1	1449235918584	1449235918584	1449235918703	1449235918703	OK	 
REQUEST	Login and Logout	2277646797050564559-7		Log out action Redirect 1	1449235918586	1449235918586	1449235918703	1449235918703	OK	 
USER	Login and Logout	2277646797050564559-7	END	1449235911732	1449235918705
USER	Login and Logout	2277646797050564559-6	END	1449235911732	1449235918706
REQUEST	Login and Logout	2277646797050564559-11		Log out action Redirect 1	1449235918598	1449235918599	1449235918706	1449235918706	OK	 
REQUEST	Login and Logout	2277646797050564559-9		Log out action Redirect 1	1449235918570	1449235918594	1449235918706	1449235918706	OK	 
USER	Login and Logout	2277646797050564559-11	END	1449235911732	1449235918708
USER	Login and Logout	2277646797050564559-9	END	1449235911732	1449235918708
REQUEST	Login and Logout	2277646797050564559-12		Log out action	1449235917793	1449235917794	1449235918710	1449235918710	OK	 
REQUEST	Login and Logout	2277646797050564559-19		Log out action Redirect 1	1449235918604	1449235918604	1449235918712	1449235918712	OK	 
USER	Login and Logout	2277646797050564559-19	END	1449235911732	1449235918713
REQUEST	Login and Logout	2277646797050564559-16		Log out action Redirect 1	1449235918614	1449235918614	1449235918715	1449235918715	OK	 
REQUEST	Login and Logout	2277646797050564559-17		Log out action Redirect 1	1449235918622	1449235918622	1449235918716	1449235918716	OK	 
USER	Login and Logout	2277646797050564559-17	END	1449235911732	1449235918717
USER	Login and Logout	2277646797050564559-16	END	1449235911732	1449235918718
REQUEST	Login and Logout	2277646797050564559-14		Log out action Redirect 1	1449235918626	1449235918626	1449235918720	1449235918720	OK	 
USER	Login and Logout	2277646797050564559-14	END	1449235911732	1449235918722
REQUEST	Login and Logout	2277646797050564559-15		Log out action Redirect 1	1449235918629	1449235918629	1449235918726	1449235918726	OK	 
REQUEST	Login and Logout	2277646797050564559-13		Log out action Redirect 1	1449235918635	1449235918636	1449235918726	1449235918726	OK	 
USER	Login and Logout	2277646797050564559-15	END	1449235911732	1449235918728
USER	Login and Logout	2277646797050564559-13	END	1449235911732	1449235918728
REQUEST	Login and Logout	2277646797050564559-18		Log out action Redirect 1	1449235918666	1449235918666	1449235918729	1449235918729	OK	 
USER	Login and Logout	2277646797050564559-18	END	1449235911732	1449235918731
REQUEST	Login and Logout	2277646797050564559-12		Log out action Redirect 1	1449235918712	1449235918712	1449235918773	1449235918773	OK	 
USER	Login and Logout	2277646797050564559-12	END	1449235911732	1449235918776
