RUN	mytest.LoginAndLogoutLoadTest	1	1449237754981	1	2.0
USER	Login and Logout	3007884050907939868-4	START	1449237759947	0
USER	Login and Logout	3007884050907939868-5	START	1449237759947	0
USER	Login and Logout	3007884050907939868-0	START	1449237759946	0
USER	Login and Logout	3007884050907939868-3	START	1449237759947	0
USER	Login and Logout	3007884050907939868-2	START	1449237759947	0
USER	Login and Logout	3007884050907939868-1	START	1449237759946	0
REQUEST	Login and Logout	3007884050907939868-0		Log in action	1449237759980	1449237760040	1449237760132	1449237760132	OK	 
REQUEST	Login and Logout	3007884050907939868-5		Log in action	1449237759987	1449237760051	1449237760155	1449237760155	OK	 
REQUEST	Login and Logout	3007884050907939868-4		Log in action	1449237759986	1449237760048	1449237760163	1449237760163	OK	 
REQUEST	Login and Logout	3007884050907939868-2		Log in action	1449237759988	1449237760049	1449237760171	1449237760171	OK	 
REQUEST	Login and Logout	3007884050907939868-3		Log in action	1449237759988	1449237760050	1449237760181	1449237760181	OK	 
REQUEST	Login and Logout	3007884050907939868-1		Log in action	1449237759990	1449237760049	1449237760181	1449237760181	OK	 
REQUEST	Login and Logout	3007884050907939868-1		Log in action Redirect 1	1449237760184	1449237760185	1449237760325	1449237760325	OK	 
REQUEST	Login and Logout	3007884050907939868-4		Log in action Redirect 1	1449237760165	1449237760166	1449237760321	1449237760321	OK	 
REQUEST	Login and Logout	3007884050907939868-2		Log in action Redirect 1	1449237760173	1449237760174	1449237760321	1449237760321	OK	 
REQUEST	Login and Logout	3007884050907939868-5		Log in action Redirect 1	1449237760157	1449237760158	1449237760321	1449237760321	OK	 
REQUEST	Login and Logout	3007884050907939868-0		Log in action Redirect 1	1449237760153	1449237760154	1449237760317	1449237760317	OK	 
REQUEST	Login and Logout	3007884050907939868-3		Log in action Redirect 1	1449237760183	1449237760184	1449237760351	1449237760351	OK	 
REQUEST	Login and Logout	3007884050907939868-0		Log out action	1449237765338	1449237765340	1449237765644	1449237765644	OK	 
REQUEST	Login and Logout	3007884050907939868-5		Log out action	1449237765353	1449237765356	1449237765675	1449237765675	OK	 
REQUEST	Login and Logout	3007884050907939868-1		Log out action	1449237765354	1449237765356	1449237765699	1449237765700	OK	 
REQUEST	Login and Logout	3007884050907939868-4		Log out action	1449237765355	1449237765356	1449237765704	1449237765704	OK	 
REQUEST	Login and Logout	3007884050907939868-3		Log out action	1449237765377	1449237765378	1449237765709	1449237765710	OK	 
REQUEST	Login and Logout	3007884050907939868-0		Log out action Redirect 1	1449237765646	1449237765647	1449237765717	1449237765717	OK	 
USER	Login and Logout	3007884050907939868-0	END	1449237759946	1449237765723
REQUEST	Login and Logout	3007884050907939868-5		Log out action Redirect 1	1449237765677	1449237765677	1449237765742	1449237765742	OK	 
USER	Login and Logout	3007884050907939868-5	END	1449237759947	1449237765745
REQUEST	Login and Logout	3007884050907939868-2		Log out action	1449237765354	1449237765356	1449237765745	1449237765745	OK	 
REQUEST	Login and Logout	3007884050907939868-1		Log out action Redirect 1	1449237765701	1449237765702	1449237765775	1449237765775	OK	 
REQUEST	Login and Logout	3007884050907939868-4		Log out action Redirect 1	1449237765705	1449237765706	1449237765776	1449237765776	OK	 
USER	Login and Logout	3007884050907939868-1	END	1449237759946	1449237765778
USER	Login and Logout	3007884050907939868-4	END	1449237759947	1449237765779
REQUEST	Login and Logout	3007884050907939868-3		Log out action Redirect 1	1449237765711	1449237765712	1449237765812	1449237765813	OK	 
USER	Login and Logout	3007884050907939868-3	END	1449237759947	1449237765815
REQUEST	Login and Logout	3007884050907939868-2		Log out action Redirect 1	1449237765746	1449237765747	1449237766169	1449237766169	OK	 
USER	Login and Logout	3007884050907939868-2	END	1449237759947	1449237766171
USER	Login and Logout	3007884050907939868-6	START	1449237769947	0
REQUEST	Login and Logout	3007884050907939868-6		Log in action	1449237769948	1449237769999	1449237770076	1449237770076	OK	 
REQUEST	Login and Logout	3007884050907939868-6		Log in action Redirect 1	1449237770078	1449237770079	1449237770194	1449237770194	OK	 
REQUEST	Login and Logout	3007884050907939868-6		Log out action	1449237775215	1449237775216	1449237775323	1449237775323	OK	 
REQUEST	Login and Logout	3007884050907939868-6		Log out action Redirect 1	1449237775324	1449237775327	1449237775390	1449237775390	OK	 
USER	Login and Logout	3007884050907939868-6	END	1449237769947	1449237775392
USER	Login and Logout	3007884050907939868-7	START	1449237779945	0
REQUEST	Login and Logout	3007884050907939868-7		Log in action	1449237779946	1449237779996	1449237780071	1449237780071	OK	 
REQUEST	Login and Logout	3007884050907939868-7		Log in action Redirect 1	1449237780072	1449237780084	1449237780196	1449237780196	OK	 
REQUEST	Login and Logout	3007884050907939868-7		Log out action	1449237785216	1449237785218	1449237785328	1449237785328	OK	 
REQUEST	Login and Logout	3007884050907939868-7		Log out action Redirect 1	1449237785329	1449237785330	1449237785402	1449237785402	OK	 
USER	Login and Logout	3007884050907939868-7	END	1449237779945	1449237785404
USER	Login and Logout	3007884050907939868-8	START	1449237789958	0
REQUEST	Login and Logout	3007884050907939868-8		Log in action	1449237789959	1449237790009	1449237790190	1449237790190	OK	 
REQUEST	Login and Logout	3007884050907939868-8		Log in action Redirect 1	1449237790192	1449237790193	1449237790313	1449237790313	OK	 
REQUEST	Login and Logout	3007884050907939868-8		Log out action	1449237795337	1449237795338	1449237795445	1449237795445	OK	 
REQUEST	Login and Logout	3007884050907939868-8		Log out action Redirect 1	1449237795447	1449237795447	1449237795510	1449237795510	OK	 
USER	Login and Logout	3007884050907939868-8	END	1449237789958	1449237795512
USER	Login and Logout	3007884050907939868-9	START	1449237799948	0
REQUEST	Login and Logout	3007884050907939868-9		Log in action	1449237799948	1449237800001	1449237800067	1449237800067	OK	 
REQUEST	Login and Logout	3007884050907939868-9		Log in action Redirect 1	1449237800068	1449237800070	1449237800189	1449237800189	OK	 
REQUEST	Login and Logout	3007884050907939868-9		Log out action	1449237805216	1449237805216	1449237805333	1449237805333	OK	 
REQUEST	Login and Logout	3007884050907939868-9		Log out action Redirect 1	1449237805334	1449237805338	1449237805410	1449237805410	OK	 
USER	Login and Logout	3007884050907939868-9	END	1449237799948	1449237805412
USER	Login and Logout	3007884050907939868-10	START	1449237809946	0
REQUEST	Login and Logout	3007884050907939868-10		Log in action	1449237809947	1449237809998	1449237810094	1449237810094	OK	 
USER	Login and Logout	3007884050907939868-11	START	1449237810454	0
REQUEST	Login and Logout	3007884050907939868-10		Log in action Redirect 1	1449237810096	1449237810096	1449237810552	1449237810552	OK	 
REQUEST	Login and Logout	3007884050907939868-11		Log in action	1449237810456	1449237810507	1449237810572	1449237810572	OK	 
REQUEST	Login and Logout	3007884050907939868-11		Log in action Redirect 1	1449237810573	1449237810574	1449237810700	1449237810700	OK	 
USER	Login and Logout	3007884050907939868-12	START	1449237810956	0
REQUEST	Login and Logout	3007884050907939868-12		Log in action	1449237810957	1449237811008	1449237811094	1449237811094	OK	 
REQUEST	Login and Logout	3007884050907939868-12		Log in action Redirect 1	1449237811095	1449237811095	1449237811226	1449237811226	OK	 
USER	Login and Logout	3007884050907939868-13	START	1449237811456	0
REQUEST	Login and Logout	3007884050907939868-13		Log in action	1449237811457	1449237811509	1449237811584	1449237811584	OK	 
REQUEST	Login and Logout	3007884050907939868-13		Log in action Redirect 1	1449237811586	1449237811586	1449237811702	1449237811702	OK	 
USER	Login and Logout	3007884050907939868-14	START	1449237811953	0
REQUEST	Login and Logout	3007884050907939868-14		Log in action	1449237811954	1449237812004	1449237812077	1449237812077	OK	 
REQUEST	Login and Logout	3007884050907939868-14		Log in action Redirect 1	1449237812081	1449237812083	1449237812200	1449237812200	OK	 
USER	Login and Logout	3007884050907939868-15	START	1449237812456	0
REQUEST	Login and Logout	3007884050907939868-15		Log in action	1449237812457	1449237812508	1449237812581	1449237812581	OK	 
REQUEST	Login and Logout	3007884050907939868-15		Log in action Redirect 1	1449237812589	1449237812590	1449237812704	1449237812704	OK	 
USER	Login and Logout	3007884050907939868-16	START	1449237812957	0
REQUEST	Login and Logout	3007884050907939868-16		Log in action	1449237812958	1449237813014	1449237813116	1449237813116	OK	 
REQUEST	Login and Logout	3007884050907939868-16		Log in action Redirect 1	1449237813118	1449237813120	1449237813271	1449237813271	OK	 
USER	Login and Logout	3007884050907939868-17	START	1449237813454	0
REQUEST	Login and Logout	3007884050907939868-17		Log in action	1449237813454	1449237813508	1449237813579	1449237813579	OK	 
REQUEST	Login and Logout	3007884050907939868-17		Log in action Redirect 1	1449237813582	1449237813582	1449237813698	1449237813699	OK	 
USER	Login and Logout	3007884050907939868-18	START	1449237813956	0
REQUEST	Login and Logout	3007884050907939868-18		Log in action	1449237813957	1449237814008	1449237814077	1449237814077	OK	 
REQUEST	Login and Logout	3007884050907939868-18		Log in action Redirect 1	1449237814080	1449237814082	1449237814195	1449237814195	OK	 
USER	Login and Logout	3007884050907939868-19	START	1449237814456	0
REQUEST	Login and Logout	3007884050907939868-19		Log in action	1449237814457	1449237814509	1449237814577	1449237814577	OK	 
REQUEST	Login and Logout	3007884050907939868-19		Log in action Redirect 1	1449237814578	1449237814579	1449237814693	1449237814694	OK	 
USER	Login and Logout	3007884050907939868-20	START	1449237814954	0
REQUEST	Login and Logout	3007884050907939868-20		Log in action	1449237814955	1449237815013	1449237815086	1449237815086	OK	 
REQUEST	Login and Logout	3007884050907939868-20		Log in action Redirect 1	1449237815088	1449237815089	1449237815209	1449237815209	OK	 
USER	Login and Logout	3007884050907939868-21	START	1449237815454	0
REQUEST	Login and Logout	3007884050907939868-21		Log in action	1449237815454	1449237815508	1449237815578	1449237815578	OK	 
REQUEST	Login and Logout	3007884050907939868-21		Log in action Redirect 1	1449237815580	1449237815581	1449237815704	1449237815704	OK	 
REQUEST	Login and Logout	3007884050907939868-10		Log out action	1449237815568	1449237815568	1449237815759	1449237815759	OK	 
REQUEST	Login and Logout	3007884050907939868-11		Log out action	1449237815720	1449237815720	1449237815829	1449237815829	OK	 
REQUEST	Login and Logout	3007884050907939868-10		Log out action Redirect 1	1449237815760	1449237815760	1449237815856	1449237815856	OK	 
USER	Login and Logout	3007884050907939868-10	END	1449237809946	1449237815858
REQUEST	Login and Logout	3007884050907939868-11		Log out action Redirect 1	1449237815831	1449237815831	1449237815891	1449237815891	OK	 
USER	Login and Logout	3007884050907939868-11	END	1449237810454	1449237815893
USER	Login and Logout	3007884050907939868-22	START	1449237815957	0
REQUEST	Login and Logout	3007884050907939868-22		Log in action	1449237815958	1449237816015	1449237816086	1449237816086	OK	 
REQUEST	Login and Logout	3007884050907939868-22		Log in action Redirect 1	1449237816088	1449237816089	1449237816200	1449237816200	OK	 
REQUEST	Login and Logout	3007884050907939868-12		Log out action	1449237816249	1449237816251	1449237816361	1449237816361	OK	 
REQUEST	Login and Logout	3007884050907939868-12		Log out action Redirect 1	1449237816365	1449237816367	1449237816430	1449237816430	OK	 
USER	Login and Logout	3007884050907939868-12	END	1449237810956	1449237816433
USER	Login and Logout	3007884050907939868-23	START	1449237816454	0
REQUEST	Login and Logout	3007884050907939868-23		Log in action	1449237816455	1449237816513	1449237816579	1449237816580	OK	 
REQUEST	Login and Logout	3007884050907939868-23		Log in action Redirect 1	1449237816581	1449237816582	1449237816702	1449237816702	OK	 
REQUEST	Login and Logout	3007884050907939868-13		Log out action	1449237816728	1449237816729	1449237816836	1449237816836	OK	 
REQUEST	Login and Logout	3007884050907939868-13		Log out action Redirect 1	1449237816840	1449237816840	1449237816907	1449237816907	OK	 
USER	Login and Logout	3007884050907939868-13	END	1449237811456	1449237816910
USER	Login and Logout	3007884050907939868-24	START	1449237816947	0
REQUEST	Login and Logout	3007884050907939868-14		Log out action	1449237817217	1449237817218	1449237817321	1449237817321	OK	 
REQUEST	Login and Logout	3007884050907939868-14		Log out action Redirect 1	1449237817324	1449237817325	1449237817386	1449237817387	OK	 
USER	Login and Logout	3007884050907939868-14	END	1449237811953	1449237817391
USER	Login and Logout	3007884050907939868-25	START	1449237817446	0
REQUEST	Login and Logout	3007884050907939868-25		Log in action	1449237817447	1449237817498	1449237817570	1449237817570	OK	 
REQUEST	Login and Logout	3007884050907939868-25		Log in action Redirect 1	1449237817573	1449237817574	1449237817690	1449237817690	OK	 
REQUEST	Login and Logout	3007884050907939868-15		Log out action	1449237817724	1449237817725	1449237817834	1449237817834	OK	 
REQUEST	Login and Logout	3007884050907939868-15		Log out action Redirect 1	1449237817835	1449237817835	1449237817903	1449237817903	OK	 
USER	Login and Logout	3007884050907939868-15	END	1449237812456	1449237817904
USER	Login and Logout	3007884050907939868-26	START	1449237817947	0
REQUEST	Login and Logout	3007884050907939868-26		Log in action	1449237817947	1449237818012	1449237818078	1449237818078	OK	 
REQUEST	Login and Logout	3007884050907939868-26		Log in action Redirect 1	1449237818080	1449237818080	1449237818194	1449237818194	OK	 
REQUEST	Login and Logout	3007884050907939868-16		Log out action	1449237818305	1449237818306	1449237818445	1449237818446	OK	 
USER	Login and Logout	3007884050907939868-27	START	1449237818448	0
REQUEST	Login and Logout	3007884050907939868-16		Log out action Redirect 1	1449237818447	1449237818448	1449237818542	1449237818542	OK	 
USER	Login and Logout	3007884050907939868-16	END	1449237812957	1449237818543
REQUEST	Login and Logout	3007884050907939868-27		Log in action	1449237818448	1449237818502	1449237818570	1449237818570	OK	 
REQUEST	Login and Logout	3007884050907939868-27		Log in action Redirect 1	1449237818571	1449237818571	1449237818687	1449237818687	OK	 
REQUEST	Login and Logout	3007884050907939868-17		Log out action	1449237818717	1449237818718	1449237818824	1449237818824	OK	 
REQUEST	Login and Logout	3007884050907939868-17		Log out action Redirect 1	1449237818826	1449237818826	1449237818889	1449237818889	OK	 
USER	Login and Logout	3007884050907939868-17	END	1449237813454	1449237818893
USER	Login and Logout	3007884050907939868-28	START	1449237818951	0
REQUEST	Login and Logout	3007884050907939868-28		Log in action	1449237818953	1449237819005	1449237819075	1449237819075	OK	 
REQUEST	Login and Logout	3007884050907939868-18		Log out action	1449237819217	1449237819218	1449237819323	1449237819323	OK	 
REQUEST	Login and Logout	3007884050907939868-18		Log out action Redirect 1	1449237819324	1449237819325	1449237819387	1449237819387	OK	 
USER	Login and Logout	3007884050907939868-18	END	1449237813956	1449237819391
USER	Login and Logout	3007884050907939868-29	START	1449237819445	0
REQUEST	Login and Logout	3007884050907939868-28		Log in action Redirect 1	1449237819076	1449237819076	1449237819482	1449237819482	OK	 
REQUEST	Login and Logout	3007884050907939868-29		Log in action	1449237819446	1449237819497	1449237819570	1449237819570	OK	 
REQUEST	Login and Logout	3007884050907939868-19		Log out action	1449237819719	1449237819720	1449237819833	1449237819833	OK	 
REQUEST	Login and Logout	3007884050907939868-19		Log out action Redirect 1	1449237819835	1449237819835	1449237819906	1449237819906	OK	 
USER	Login and Logout	3007884050907939868-19	END	1449237814456	1449237819910
USER	Login and Logout	3007884050907939868-30	START	1449237819948	0
REQUEST	Login and Logout	3007884050907939868-29		Log in action Redirect 1	1449237819572	1449237819573	1449237819989	1449237819989	OK	 
REQUEST	Login and Logout	3007884050907939868-24		Log in action	1449237816948	1449237819998	1449237820069	1449237820069	OK	 
REQUEST	Login and Logout	3007884050907939868-30		Log in action	1449237819948	1449237820002	1449237820103	1449237820103	OK	 
REQUEST	Login and Logout	3007884050907939868-24		Log in action Redirect 1	1449237820071	1449237820071	1449237820190	1449237820190	OK	 
REQUEST	Login and Logout	3007884050907939868-30		Log in action Redirect 1	1449237820104	1449237820104	1449237820253	1449237820253	OK	 
REQUEST	Login and Logout	3007884050907939868-20		Log out action	1449237820229	1449237820230	1449237820331	1449237820331	OK	 
REQUEST	Login and Logout	3007884050907939868-20		Log out action Redirect 1	1449237820334	1449237820334	1449237820409	1449237820409	OK	 
USER	Login and Logout	3007884050907939868-20	END	1449237814954	1449237820410
USER	Login and Logout	3007884050907939868-31	START	1449237820444	0
REQUEST	Login and Logout	3007884050907939868-31		Log in action	1449237820445	1449237820495	1449237820565	1449237820565	OK	 
REQUEST	Login and Logout	3007884050907939868-31		Log in action Redirect 1	1449237820566	1449237820567	1449237820686	1449237820686	OK	 
REQUEST	Login and Logout	3007884050907939868-21		Log out action	1449237820727	1449237820729	1449237820836	1449237820836	OK	 
REQUEST	Login and Logout	3007884050907939868-21		Log out action Redirect 1	1449237820840	1449237820841	1449237820905	1449237820905	OK	 
USER	Login and Logout	3007884050907939868-21	END	1449237815454	1449237820907
USER	Login and Logout	3007884050907939868-32	START	1449237820944	0
REQUEST	Login and Logout	3007884050907939868-32		Log in action	1449237820945	1449237820996	1449237821060	1449237821060	OK	 
REQUEST	Login and Logout	3007884050907939868-32		Log in action Redirect 1	1449237821062	1449237821062	1449237821182	1449237821182	OK	 
REQUEST	Login and Logout	3007884050907939868-22		Log out action	1449237821230	1449237821231	1449237821343	1449237821343	OK	 
REQUEST	Login and Logout	3007884050907939868-22		Log out action Redirect 1	1449237821347	1449237821348	1449237821412	1449237821412	OK	 
USER	Login and Logout	3007884050907939868-22	END	1449237815957	1449237821414
USER	Login and Logout	3007884050907939868-33	START	1449237821444	0
REQUEST	Login and Logout	3007884050907939868-33		Log in action	1449237821445	1449237821496	1449237821567	1449237821567	OK	 
REQUEST	Login and Logout	3007884050907939868-23		Log out action	1449237821727	1449237821728	1449237821834	1449237821834	OK	 
REQUEST	Login and Logout	3007884050907939868-23		Log out action Redirect 1	1449237821836	1449237821837	1449237821900	1449237821900	OK	 
USER	Login and Logout	3007884050907939868-23	END	1449237816454	1449237821903
USER	Login and Logout	3007884050907939868-34	START	1449237821945	0
REQUEST	Login and Logout	3007884050907939868-33		Log in action Redirect 1	1449237821568	1449237821568	1449237822037	1449237822037	OK	 
REQUEST	Login and Logout	3007884050907939868-34		Log in action	1449237821946	1449237821999	1449237822066	1449237822066	OK	 
REQUEST	Login and Logout	3007884050907939868-34		Log in action Redirect 1	1449237822067	1449237822068	1449237822186	1449237822186	OK	 
USER	Login and Logout	3007884050907939868-35	START	1449237822444	0
REQUEST	Login and Logout	3007884050907939868-35		Log in action	1449237822446	1449237822505	1449237822578	1449237822578	OK	 
REQUEST	Login and Logout	3007884050907939868-35		Log in action Redirect 1	1449237822579	1449237822579	1449237822698	1449237822698	OK	 
USER	Login and Logout	3007884050907939868-36	START	1449237822943	0
REQUEST	Login and Logout	3007884050907939868-36		Log in action	1449237822945	1449237822998	1449237823106	1449237823106	OK	 
REQUEST	Login and Logout	3007884050907939868-25		Log out action	1449237822705	1449237822706	1449237823160	1449237823160	OK	 
REQUEST	Login and Logout	3007884050907939868-25		Log out action Redirect 1	1449237823161	1449237823161	1449237823221	1449237823221	OK	 
USER	Login and Logout	3007884050907939868-25	END	1449237817446	1449237823226
REQUEST	Login and Logout	3007884050907939868-36		Log in action Redirect 1	1449237823109	1449237823109	1449237823257	1449237823257	OK	 
USER	Login and Logout	3007884050907939868-37	START	1449237823446	0
REQUEST	Login and Logout	3007884050907939868-37		Log in action	1449237823446	1449237823497	1449237823566	1449237823566	OK	 
REQUEST	Login and Logout	3007884050907939868-37		Log in action Redirect 1	1449237823570	1449237823572	1449237823690	1449237823690	OK	 
REQUEST	Login and Logout	3007884050907939868-27		Log out action	1449237823706	1449237823706	1449237823807	1449237823807	OK	 
REQUEST	Login and Logout	3007884050907939868-26		Log out action	1449237823217	1449237823218	1449237823848	1449237823848	OK	 
REQUEST	Login and Logout	3007884050907939868-27		Log out action Redirect 1	1449237823811	1449237823812	1449237823879	1449237823879	OK	 
USER	Login and Logout	3007884050907939868-27	END	1449237818448	1449237823905
REQUEST	Login and Logout	3007884050907939868-26		Log out action Redirect 1	1449237823853	1449237823854	1449237823920	1449237823920	OK	 
USER	Login and Logout	3007884050907939868-26	END	1449237817947	1449237823922
USER	Login and Logout	3007884050907939868-38	START	1449237823944	0
REQUEST	Login and Logout	3007884050907939868-38		Log in action	1449237823945	1449237823997	1449237824066	1449237824066	OK	 
REQUEST	Login and Logout	3007884050907939868-38		Log in action Redirect 1	1449237824067	1449237824068	1449237824194	1449237824194	OK	 
USER	Login and Logout	3007884050907939868-39	START	1449237824447	0
REQUEST	Login and Logout	3007884050907939868-39		Log in action	1449237824448	1449237824498	1449237824579	1449237824579	OK	 
REQUEST	Login and Logout	3007884050907939868-39		Log in action Redirect 1	1449237824580	1449237824580	1449237824702	1449237824702	OK	 
REQUEST	Login and Logout	3007884050907939868-28		Log out action	1449237824504	1449237824505	1449237824701	1449237824701	OK	 
REQUEST	Login and Logout	3007884050907939868-28		Log out action Redirect 1	1449237824704	1449237824705	1449237824769	1449237824769	OK	 
USER	Login and Logout	3007884050907939868-28	END	1449237818951	1449237824771
REQUEST	Login and Logout	3007884050907939868-29		Log out action	1449237825005	1449237825005	1449237825161	1449237825161	OK	 
REQUEST	Login and Logout	3007884050907939868-29		Log out action Redirect 1	1449237825162	1449237825163	1449237825229	1449237825229	OK	 
USER	Login and Logout	3007884050907939868-29	END	1449237819445	1449237825230
REQUEST	Login and Logout	3007884050907939868-24		Log out action	1449237825205	1449237825206	1449237825311	1449237825311	OK	 
REQUEST	Login and Logout	3007884050907939868-24		Log out action Redirect 1	1449237825312	1449237825312	1449237825373	1449237825373	OK	 
USER	Login and Logout	3007884050907939868-24	END	1449237816947	1449237825374
REQUEST	Login and Logout	3007884050907939868-30		Log out action	1449237825275	1449237825276	1449237825415	1449237825415	OK	 
REQUEST	Login and Logout	3007884050907939868-30		Log out action Redirect 1	1449237825418	1449237825418	1449237825519	1449237825519	OK	 
USER	Login and Logout	3007884050907939868-30	END	1449237819948	1449237825521
REQUEST	Login and Logout	3007884050907939868-31		Log out action	1449237825707	1449237825707	1449237825819	1449237825819	OK	 
REQUEST	Login and Logout	3007884050907939868-31		Log out action Redirect 1	1449237825822	1449237825823	1449237825889	1449237825889	OK	 
USER	Login and Logout	3007884050907939868-31	END	1449237820444	1449237825891
REQUEST	Login and Logout	3007884050907939868-32		Log out action	1449237826195	1449237826196	1449237826298	1449237826298	OK	 
REQUEST	Login and Logout	3007884050907939868-32		Log out action Redirect 1	1449237826302	1449237826303	1449237826364	1449237826364	OK	 
USER	Login and Logout	3007884050907939868-32	END	1449237820944	1449237826367
REQUEST	Login and Logout	3007884050907939868-34		Log out action	1449237827209	1449237827209	1449237827317	1449237827317	OK	 
REQUEST	Login and Logout	3007884050907939868-33		Log out action	1449237827055	1449237827055	1449237827350	1449237827350	OK	 
REQUEST	Login and Logout	3007884050907939868-34		Log out action Redirect 1	1449237827321	1449237827322	1449237827397	1449237827397	OK	 
USER	Login and Logout	3007884050907939868-34	END	1449237821945	1449237827399
REQUEST	Login and Logout	3007884050907939868-33		Log out action Redirect 1	1449237827354	1449237827355	1449237827468	1449237827468	OK	 
USER	Login and Logout	3007884050907939868-33	END	1449237821444	1449237827470
REQUEST	Login and Logout	3007884050907939868-35		Log out action	1449237827721	1449237827722	1449237828225	1449237828225	OK	 
REQUEST	Login and Logout	3007884050907939868-35		Log out action Redirect 1	1449237828227	1449237828227	1449237828292	1449237828292	OK	 
USER	Login and Logout	3007884050907939868-35	END	1449237822444	1449237828296
REQUEST	Login and Logout	3007884050907939868-36		Log out action	1449237828279	1449237828279	1449237828422	1449237828422	OK	 
REQUEST	Login and Logout	3007884050907939868-36		Log out action Redirect 1	1449237828426	1449237828426	1449237828526	1449237828526	OK	 
USER	Login and Logout	3007884050907939868-36	END	1449237822943	1449237828529
REQUEST	Login and Logout	3007884050907939868-37		Log out action	1449237828709	1449237828710	1449237828814	1449237828814	OK	 
REQUEST	Login and Logout	3007884050907939868-37		Log out action Redirect 1	1449237828817	1449237828818	1449237828884	1449237828884	OK	 
USER	Login and Logout	3007884050907939868-37	END	1449237823446	1449237828885
REQUEST	Login and Logout	3007884050907939868-38		Log out action	1449237829215	1449237829215	1449237829323	1449237829323	OK	 
REQUEST	Login and Logout	3007884050907939868-38		Log out action Redirect 1	1449237829326	1449237829326	1449237829391	1449237829391	OK	 
USER	Login and Logout	3007884050907939868-38	END	1449237823944	1449237829393
REQUEST	Login and Logout	3007884050907939868-39		Log out action	1449237829720	1449237829721	1449237829828	1449237829829	OK	 
REQUEST	Login and Logout	3007884050907939868-39		Log out action Redirect 1	1449237829830	1449237829831	1449237829897	1449237829897	OK	 
USER	Login and Logout	3007884050907939868-39	END	1449237824447	1449237829900
