RUN	mytest.LoginAndLogoutLoadTest	1	1449234960850	1	2.0
USER	Login and Logout	1095509166184875139-0	START	1449234961556	0
USER	Login and Logout	1095509166184875139-1	START	1449234961558	0
USER	Login and Logout	1095509166184875139-2	START	1449234961558	0
USER	Login and Logout	1095509166184875139-3	START	1449234961558	0
USER	Login and Logout	1095509166184875139-4	START	1449234961559	0
USER	Login and Logout	1095509166184875139-5	START	1449234961559	0
USER	Login and Logout	1095509166184875139-6	START	1449234961559	0
USER	Login and Logout	1095509166184875139-7	START	1449234961559	0
USER	Login and Logout	1095509166184875139-8	START	1449234961559	0
USER	Login and Logout	1095509166184875139-9	START	1449234961559	0
USER	Login and Logout	1095509166184875139-10	START	1449234961559	0
USER	Login and Logout	1095509166184875139-11	START	1449234961559	0
USER	Login and Logout	1095509166184875139-12	START	1449234961559	0
USER	Login and Logout	1095509166184875139-13	START	1449234961559	0
USER	Login and Logout	1095509166184875139-14	START	1449234961559	0
USER	Login and Logout	1095509166184875139-15	START	1449234961559	0
USER	Login and Logout	1095509166184875139-16	START	1449234961559	0
USER	Login and Logout	1095509166184875139-17	START	1449234961559	0
USER	Login and Logout	1095509166184875139-18	START	1449234961559	0
USER	Login and Logout	1095509166184875139-19	START	1449234961559	0
REQUEST	Login and Logout	1095509166184875139-1		Log in action	1449234961594	1449234961633	1449234961775	1449234961775	OK	 
REQUEST	Login and Logout	1095509166184875139-2		Log in action	1449234961595	1449234961634	1449234961793	1449234961793	OK	 
REQUEST	Login and Logout	1095509166184875139-3		Log in action	1449234961597	1449234961633	1449234961813	1449234961813	OK	 
REQUEST	Login and Logout	1095509166184875139-5		Log in action	1449234961601	1449234961635	1449234961830	1449234961830	OK	 
REQUEST	Login and Logout	1095509166184875139-0		Log in action	1449234961586	1449234961629	1449234961846	1449234961846	OK	 
REQUEST	Login and Logout	1095509166184875139-7		Log in action	1449234961604	1449234961641	1449234961888	1449234961888	OK	 
REQUEST	Login and Logout	1095509166184875139-4		Log in action	1449234961600	1449234961635	1449234961911	1449234961911	OK	 
REQUEST	Login and Logout	1095509166184875139-8		Log in action	1449234961605	1449234961641	1449234961970	1449234961970	OK	 
REQUEST	Login and Logout	1095509166184875139-6		Log in action	1449234961602	1449234961641	1449234961993	1449234961993	OK	 
REQUEST	Login and Logout	1095509166184875139-10		Log in action	1449234961607	1449234961643	1449234962006	1449234962006	OK	 
REQUEST	Login and Logout	1095509166184875139-0		Log in action Redirect 1	1449234961848	1449234961849	1449234962006	1449234962006	OK	 
REQUEST	Login and Logout	1095509166184875139-7		Log in action Redirect 1	1449234961889	1449234961890	1449234961999	1449234961999	OK	 
REQUEST	Login and Logout	1095509166184875139-5		Log in action Redirect 1	1449234961831	1449234961832	1449234962011	1449234962011	OK	 
REQUEST	Login and Logout	1095509166184875139-3		Log in action Redirect 1	1449234961816	1449234961817	1449234962011	1449234962011	OK	 
REQUEST	Login and Logout	1095509166184875139-2		Log in action Redirect 1	1449234961816	1449234961817	1449234962011	1449234962011	OK	 
REQUEST	Login and Logout	1095509166184875139-12		Log in action	1449234961609	1449234961645	1449234962011	1449234962011	OK	 
REQUEST	Login and Logout	1095509166184875139-4		Log in action Redirect 1	1449234961913	1449234961914	1449234962017	1449234962017	OK	 
REQUEST	Login and Logout	1095509166184875139-1		Log in action Redirect 1	1449234961816	1449234961817	1449234962016	1449234962016	OK	 
REQUEST	Login and Logout	1095509166184875139-15		Log in action	1449234961613	1449234961650	1449234962026	1449234962026	OK	 
REQUEST	Login and Logout	1095509166184875139-14		Log in action	1449234961612	1449234961649	1449234962031	1449234962031	OK	 
REQUEST	Login and Logout	1095509166184875139-9		Log in action	1449234961606	1449234961641	1449234962030	1449234962030	OK	 
REQUEST	Login and Logout	1095509166184875139-11		Log in action	1449234961608	1449234961645	1449234962070	1449234962070	OK	 
REQUEST	Login and Logout	1095509166184875139-16		Log in action	1449234961614	1449234961649	1449234962036	1449234962036	OK	 
REQUEST	Login and Logout	1095509166184875139-13		Log in action	1449234961611	1449234961649	1449234962044	1449234962044	OK	 
REQUEST	Login and Logout	1095509166184875139-17		Log in action	1449234961615	1449234961651	1449234962153	1449234962153	OK	 
REQUEST	Login and Logout	1095509166184875139-18		Log in action	1449234961617	1449234961653	1449234962154	1449234962154	OK	 
REQUEST	Login and Logout	1095509166184875139-19		Log in action	1449234961618	1449234961653	1449234962177	1449234962177	OK	 
REQUEST	Login and Logout	1095509166184875139-9		Log in action Redirect 1	1449234962034	1449234962035	1449234962183	1449234962183	OK	 
REQUEST	Login and Logout	1095509166184875139-11		Log in action Redirect 1	1449234962072	1449234962072	1449234962184	1449234962184	OK	 
REQUEST	Login and Logout	1095509166184875139-13		Log in action Redirect 1	1449234962087	1449234962088	1449234962188	1449234962188	OK	 
REQUEST	Login and Logout	1095509166184875139-16		Log in action Redirect 1	1449234962087	1449234962087	1449234962189	1449234962189	OK	 
REQUEST	Login and Logout	1095509166184875139-8		Log in action Redirect 1	1449234961972	1449234961973	1449234962200	1449234962200	OK	 
REQUEST	Login and Logout	1095509166184875139-10		Log in action Redirect 1	1449234962007	1449234962008	1449234962213	1449234962213	OK	 
REQUEST	Login and Logout	1095509166184875139-12		Log in action Redirect 1	1449234962013	1449234962014	1449234962213	1449234962213	OK	 
REQUEST	Login and Logout	1095509166184875139-6		Log in action Redirect 1	1449234961994	1449234961995	1449234962212	1449234962212	OK	 
REQUEST	Login and Logout	1095509166184875139-14		Log in action Redirect 1	1449234962032	1449234962035	1449234962216	1449234962216	OK	 
REQUEST	Login and Logout	1095509166184875139-15		Log in action Redirect 1	1449234962027	1449234962029	1449234962216	1449234962216	OK	 
REQUEST	Login and Logout	1095509166184875139-17		Log in action Redirect 1	1449234962155	1449234962156	1449234962253	1449234962253	OK	 
REQUEST	Login and Logout	1095509166184875139-19		Log in action Redirect 1	1449234962179	1449234962182	1449234962262	1449234962262	OK	 
REQUEST	Login and Logout	1095509166184875139-18		Log in action Redirect 1	1449234962156	1449234962157	1449234962262	1449234962262	OK	 
REQUEST	Login and Logout	1095509166184875139-7		Log out action	1449234967022	1449234967023	1449234967749	1449234967749	OK	 
REQUEST	Login and Logout	1095509166184875139-7		Log out action Redirect 1	1449234967751	1449234967751	1449234967799	1449234967799	OK	 
USER	Login and Logout	1095509166184875139-7	END	1449234961559	1449234967805
REQUEST	Login and Logout	1095509166184875139-0		Log out action	1449234967023	1449234967023	1449234967816	1449234967816	OK	 
REQUEST	Login and Logout	1095509166184875139-1		Log out action	1449234967034	1449234967034	1449234967852	1449234967852	OK	 
REQUEST	Login and Logout	1095509166184875139-0		Log out action Redirect 1	1449234967818	1449234967818	1449234967863	1449234967863	OK	 
USER	Login and Logout	1095509166184875139-0	END	1449234961556	1449234967865
REQUEST	Login and Logout	1095509166184875139-4		Log out action	1449234967042	1449234967042	1449234967882	1449234967882	OK	 
REQUEST	Login and Logout	1095509166184875139-1		Log out action Redirect 1	1449234967856	1449234967856	1449234967903	1449234967903	OK	 
USER	Login and Logout	1095509166184875139-1	END	1449234961558	1449234967905
REQUEST	Login and Logout	1095509166184875139-5		Log out action	1449234967035	1449234967035	1449234967910	1449234967910	OK	 
REQUEST	Login and Logout	1095509166184875139-3		Log out action	1449234967036	1449234967036	1449234967920	1449234967920	OK	 
REQUEST	Login and Logout	1095509166184875139-4		Log out action Redirect 1	1449234967884	1449234967884	1449234967929	1449234967929	OK	 
USER	Login and Logout	1095509166184875139-4	END	1449234961559	1449234967931
REQUEST	Login and Logout	1095509166184875139-5		Log out action Redirect 1	1449234967911	1449234967911	1449234967954	1449234967954	OK	 
USER	Login and Logout	1095509166184875139-5	END	1449234961559	1449234967956
REQUEST	Login and Logout	1095509166184875139-3		Log out action Redirect 1	1449234967921	1449234967921	1449234967967	1449234967967	OK	 
REQUEST	Login and Logout	1095509166184875139-2		Log out action	1449234967035	1449234967036	1449234967967	1449234967967	OK	 
USER	Login and Logout	1095509166184875139-3	END	1449234961558	1449234967971
REQUEST	Login and Logout	1095509166184875139-2		Log out action Redirect 1	1449234967970	1449234967970	1449234968015	1449234968015	OK	 
USER	Login and Logout	1095509166184875139-2	END	1449234961558	1449234968017
REQUEST	Login and Logout	1095509166184875139-9		Log out action	1449234967200	1449234967201	1449234968109	1449234968109	OK	 
REQUEST	Login and Logout	1095509166184875139-11		Log out action	1449234967201	1449234967202	1449234968115	1449234968115	OK	 
REQUEST	Login and Logout	1095509166184875139-13		Log out action	1449234967212	1449234967213	1449234968123	1449234968123	OK	 
REQUEST	Login and Logout	1095509166184875139-16		Log out action	1449234967207	1449234967208	1449234968131	1449234968131	OK	 
REQUEST	Login and Logout	1095509166184875139-8		Log out action	1449234967221	1449234967223	1449234968134	1449234968134	OK	 
REQUEST	Login and Logout	1095509166184875139-14		Log out action	1449234967241	1449234967242	1449234968141	1449234968141	OK	 
REQUEST	Login and Logout	1095509166184875139-6		Log out action	1449234967247	1449234967249	1449234968145	1449234968145	OK	 
REQUEST	Login and Logout	1095509166184875139-15		Log out action	1449234967239	1449234967244	1449234968161	1449234968161	OK	 
REQUEST	Login and Logout	1095509166184875139-9		Log out action Redirect 1	1449234968110	1449234968110	1449234968189	1449234968189	OK	 
REQUEST	Login and Logout	1095509166184875139-11		Log out action Redirect 1	1449234968116	1449234968116	1449234968190	1449234968190	OK	 
USER	Login and Logout	1095509166184875139-9	END	1449234961559	1449234968191
USER	Login and Logout	1095509166184875139-11	END	1449234961559	1449234968191
REQUEST	Login and Logout	1095509166184875139-13		Log out action Redirect 1	1449234968124	1449234968124	1449234968194	1449234968194	OK	 
USER	Login and Logout	1095509166184875139-13	END	1449234961559	1449234968197
REQUEST	Login and Logout	1095509166184875139-16		Log out action Redirect 1	1449234968132	1449234968133	1449234968205	1449234968205	OK	 
USER	Login and Logout	1095509166184875139-16	END	1449234961559	1449234968208
REQUEST	Login and Logout	1095509166184875139-8		Log out action Redirect 1	1449234968135	1449234968135	1449234968210	1449234968210	OK	 
REQUEST	Login and Logout	1095509166184875139-14		Log out action Redirect 1	1449234968142	1449234968143	1449234968210	1449234968210	OK	 
USER	Login and Logout	1095509166184875139-14	END	1449234961559	1449234968214
USER	Login and Logout	1095509166184875139-8	END	1449234961559	1449234968214
REQUEST	Login and Logout	1095509166184875139-6		Log out action Redirect 1	1449234968146	1449234968146	1449234968216	1449234968216	OK	 
USER	Login and Logout	1095509166184875139-6	END	1449234961559	1449234968220
REQUEST	Login and Logout	1095509166184875139-15		Log out action Redirect 1	1449234968162	1449234968162	1449234968219	1449234968219	OK	 
USER	Login and Logout	1095509166184875139-15	END	1449234961559	1449234968222
REQUEST	Login and Logout	1095509166184875139-12		Log out action	1449234967237	1449234967239	1449234968222	1449234968222	OK	 
REQUEST	Login and Logout	1095509166184875139-10		Log out action	1449234967250	1449234967252	1449234968223	1449234968223	OK	 
REQUEST	Login and Logout	1095509166184875139-18		Log out action	1449234967282	1449234967283	1449234968226	1449234968226	OK	 
REQUEST	Login and Logout	1095509166184875139-19		Log out action	1449234967281	1449234967283	1449234968229	1449234968229	OK	 
REQUEST	Login and Logout	1095509166184875139-17		Log out action	1449234967272	1449234967273	1449234968233	1449234968233	OK	 
REQUEST	Login and Logout	1095509166184875139-12		Log out action Redirect 1	1449234968223	1449234968223	1449234968294	1449234968294	OK	 
REQUEST	Login and Logout	1095509166184875139-10		Log out action Redirect 1	1449234968224	1449234968224	1449234968295	1449234968295	OK	 
USER	Login and Logout	1095509166184875139-12	END	1449234961559	1449234968295
USER	Login and Logout	1095509166184875139-10	END	1449234961559	1449234968296
REQUEST	Login and Logout	1095509166184875139-18		Log out action Redirect 1	1449234968227	1449234968227	1449234968297	1449234968297	OK	 
REQUEST	Login and Logout	1095509166184875139-19		Log out action Redirect 1	1449234968230	1449234968231	1449234968299	1449234968299	OK	 
USER	Login and Logout	1095509166184875139-18	END	1449234961559	1449234968300
USER	Login and Logout	1095509166184875139-19	END	1449234961559	1449234968301
REQUEST	Login and Logout	1095509166184875139-17		Log out action Redirect 1	1449234968234	1449234968234	1449234968302	1449234968302	OK	 
USER	Login and Logout	1095509166184875139-17	END	1449234961559	1449234968304
