RUN	mytest.AddNewComputerLoadTest	0	1449227473128	0	2.0
USER	RecordedSimulation	5360498660886266594-0	START	1449227473998	0
USER	RecordedSimulation	5360498660886266594-1	START	1449227474001	0
USER	RecordedSimulation	5360498660886266594-2	START	1449227474001	0
USER	RecordedSimulation	5360498660886266594-3	START	1449227474002	0
USER	RecordedSimulation	5360498660886266594-4	START	1449227474002	0
USER	RecordedSimulation	5360498660886266594-5	START	1449227474002	0
USER	RecordedSimulation	5360498660886266594-6	START	1449227474002	0
USER	RecordedSimulation	5360498660886266594-7	START	1449227474002	0
USER	RecordedSimulation	5360498660886266594-8	START	1449227474002	0
USER	RecordedSimulation	5360498660886266594-9	START	1449227474002	0
REQUEST	RecordedSimulation	5360498660886266594-4		request_0	1449227474029	1449227474091	1449227474170	1449227474170	OK	 
REQUEST	RecordedSimulation	5360498660886266594-3		request_0	1449227474028	1449227474095	1449227474174	1449227474174	OK	 
REQUEST	RecordedSimulation	5360498660886266594-0		request_0	1449227474023	1449227474087	1449227474160	1449227474160	OK	 
REQUEST	RecordedSimulation	5360498660886266594-9		request_0	1449227474033	1449227474096	1449227474182	1449227474182	OK	 
REQUEST	RecordedSimulation	5360498660886266594-8		request_0	1449227474032	1449227474095	1449227474185	1449227474185	OK	 
REQUEST	RecordedSimulation	5360498660886266594-7		request_0	1449227474032	1449227474096	1449227474180	1449227474180	OK	 
REQUEST	RecordedSimulation	5360498660886266594-1		request_0	1449227474027	1449227474090	1449227474160	1449227474160	OK	 
REQUEST	RecordedSimulation	5360498660886266594-5		request_0	1449227474030	1449227474095	1449227474181	1449227474181	OK	 
REQUEST	RecordedSimulation	5360498660886266594-6		request_0	1449227474031	1449227474095	1449227474165	1449227474165	OK	 
REQUEST	RecordedSimulation	5360498660886266594-2		request_0	1449227474028	1449227474087	1449227474154	1449227474154	OK	 
REQUEST	RecordedSimulation	5360498660886266594-2		request_1	1449227477182	1449227477244	1449227477304	1449227477304	OK	 
REQUEST	RecordedSimulation	5360498660886266594-0		request_1	1449227477180	1449227477245	1449227477315	1449227477315	OK	 
REQUEST	RecordedSimulation	5360498660886266594-6		request_1	1449227477190	1449227477258	1449227477326	1449227477326	OK	 
REQUEST	RecordedSimulation	5360498660886266594-4		request_1	1449227477192	1449227477258	1449227477326	1449227477326	OK	 
REQUEST	RecordedSimulation	5360498660886266594-1		request_1	1449227477183	1449227477258	1449227477328	1449227477328	OK	 
REQUEST	RecordedSimulation	5360498660886266594-8		request_1	1449227477210	1449227477269	1449227477336	1449227477336	OK	 
REQUEST	RecordedSimulation	5360498660886266594-9		request_1	1449227477202	1449227477266	1449227477338	1449227477339	OK	 
REQUEST	RecordedSimulation	5360498660886266594-3		request_1	1449227477203	1449227477267	1449227477346	1449227477346	OK	 
REQUEST	RecordedSimulation	5360498660886266594-5		request_1	1449227477199	1449227477264	1449227477346	1449227477346	OK	 
REQUEST	RecordedSimulation	5360498660886266594-7		request_1	1449227477200	1449227477266	1449227477347	1449227477347	OK	 
REQUEST	RecordedSimulation	5360498660886266594-2		request_2	1449227492312	1449227495387	1449227495454	1449227495455	OK	 
REQUEST	RecordedSimulation	5360498660886266594-0		request_2	1449227492328	1449227495400	1449227495465	1449227495465	OK	 
REQUEST	RecordedSimulation	5360498660886266594-6		request_2	1449227492327	1449227495408	1449227495475	1449227495476	OK	 
REQUEST	RecordedSimulation	5360498660886266594-8		request_2	1449227492338	1449227495416	1449227495478	1449227495478	OK	 
REQUEST	RecordedSimulation	5360498660886266594-3		request_2	1449227492346	1449227495421	1449227495485	1449227495485	OK	 
REQUEST	RecordedSimulation	5360498660886266594-4		request_2	1449227492329	1449227495417	1449227495485	1449227495485	OK	 
REQUEST	RecordedSimulation	5360498660886266594-1		request_2	1449227492339	1449227495417	1449227495490	1449227495490	OK	 
REQUEST	RecordedSimulation	5360498660886266594-9		request_2	1449227492347	1449227495431	1449227495500	1449227495500	OK	 
REQUEST	RecordedSimulation	5360498660886266594-7		request_2	1449227492359	1449227495435	1449227495505	1449227495505	OK	 
REQUEST	RecordedSimulation	5360498660886266594-5		request_2	1449227492358	1449227495435	1449227495506	1449227495506	OK	 
REQUEST	RecordedSimulation	5360498660886266594-0		request_2 Redirect 1	1449227495470	1449227495536	1449227495606	1449227495606	OK	 
REQUEST	RecordedSimulation	5360498660886266594-8		request_2 Redirect 1	1449227495479	1449227495543	1449227495614	1449227495614	OK	 
REQUEST	RecordedSimulation	5360498660886266594-2		request_2 Redirect 1	1449227495470	1449227495537	1449227495614	1449227495614	OK	 
REQUEST	RecordedSimulation	5360498660886266594-3		request_2 Redirect 1	1449227495487	1449227495549	1449227495619	1449227495619	OK	 
REQUEST	RecordedSimulation	5360498660886266594-6		request_2 Redirect 1	1449227495477	1449227495540	1449227495610	1449227495610	OK	 
REQUEST	RecordedSimulation	5360498660886266594-4		request_2 Redirect 1	1449227495488	1449227495554	1449227495628	1449227495628	OK	 
REQUEST	RecordedSimulation	5360498660886266594-1		request_2 Redirect 1	1449227495492	1449227495559	1449227495636	1449227495636	OK	 
REQUEST	RecordedSimulation	5360498660886266594-9		request_2 Redirect 1	1449227495501	1449227495565	1449227495638	1449227495638	OK	 
REQUEST	RecordedSimulation	5360498660886266594-7		request_2 Redirect 1	1449227495507	1449227495591	1449227495658	1449227495658	OK	 
REQUEST	RecordedSimulation	5360498660886266594-5		request_2 Redirect 1	1449227495508	1449227495591	1449227495662	1449227495662	OK	 
REQUEST	RecordedSimulation	5360498660886266594-8		request_3	1449227502606	1449227502669	1449227502754	1449227502754	OK	 
REQUEST	RecordedSimulation	5360498660886266594-2		request_3	1449227502607	1449227502669	1449227502765	1449227502765	OK	 
REQUEST	RecordedSimulation	5360498660886266594-0		request_3	1449227502598	1449227502662	1449227502768	1449227502768	OK	 
REQUEST	RecordedSimulation	5360498660886266594-6		request_3	1449227502607	1449227502672	1449227502771	1449227502771	OK	 
REQUEST	RecordedSimulation	5360498660886266594-4		request_3	1449227502636	1449227502699	1449227502781	1449227502781	OK	 
REQUEST	RecordedSimulation	5360498660886266594-1		request_3	1449227502638	1449227502700	1449227502794	1449227502794	OK	 
REQUEST	RecordedSimulation	5360498660886266594-3		request_3	1449227502618	1449227502690	1449227502802	1449227502802	OK	 
REQUEST	RecordedSimulation	5360498660886266594-7		request_3	1449227502656	1449227502716	1449227502809	1449227502809	OK	 
REQUEST	RecordedSimulation	5360498660886266594-5		request_3	1449227502669	1449227502729	1449227502817	1449227502817	OK	 
USER	RecordedSimulation	5360498660886266594-0	END	1449227473998	1449227505768
USER	RecordedSimulation	5360498660886266594-8	END	1449227474002	1449227505768
USER	RecordedSimulation	5360498660886266594-2	END	1449227474001	1449227505775
REQUEST	RecordedSimulation	5360498660886266594-9		request_3	1449227502637	1449227505697	1449227505774	1449227505774	OK	 
USER	RecordedSimulation	5360498660886266594-6	END	1449227474002	1449227505775
USER	RecordedSimulation	5360498660886266594-4	END	1449227474002	1449227505775
USER	RecordedSimulation	5360498660886266594-1	END	1449227474001	1449227505790
USER	RecordedSimulation	5360498660886266594-3	END	1449227474002	1449227505805
USER	RecordedSimulation	5360498660886266594-7	END	1449227474002	1449227505805
USER	RecordedSimulation	5360498660886266594-5	END	1449227474002	1449227505805
USER	RecordedSimulation	5360498660886266594-9	END	1449227474002	1449227508787
